androidapp/app/build/intermediates/manifest_merge_blame_file/release/processReleaseMainManifest/manifest-merger-blame-release-report.txt
1<?xml version="1.0" encoding="utf-8"?>
2<manifest xmlns:android="http://schemas.android.com/apk/res/android"
3    package="com.smartcbwtf.mobile"
4    android:versionCode="1"
5    android:versionName="1.0" >
6
7    <uses-sdk
8        android:minSdkVersion="24"
9        android:targetSdkVersion="34" />
10
11    <uses-permission android:name="android.permission.INTERNET" />
11-->src/main/AndroidManifest.xml:4:5-67
11-->src/main/AndroidManifest.xml:4:22-64
12    <uses-permission android:name="android.permission.ACCESS_FINE_LOCATION" />
12-->src/main/AndroidManifest.xml:5:5-79
12-->src/main/AndroidManifest.xml:5:22-76
13    <uses-permission android:name="android.permission.ACCESS_COARSE_LOCATION" />
13-->src/main/AndroidManifest.xml:6:5-81
13-->src/main/AndroidManifest.xml:6:22-78
14    <uses-permission android:name="android.permission.BLUETOOTH" />
14-->src/main/AndroidManifest.xml:7:5-68
14-->src/main/AndroidManifest.xml:7:22-65
15    <uses-permission android:name="android.permission.BLUETOOTH_ADMIN" />
15-->src/main/AndroidManifest.xml:8:5-74
15-->src/main/AndroidManifest.xml:8:22-71
16    <!-- On Android 12+ declare scan as non-location to avoid GPS requirement for BLE scanning -->
17    <uses-permission
17-->src/main/AndroidManifest.xml:10:5-12:58
18        android:name="android.permission.BLUETOOTH_SCAN"
18-->src/main/AndroidManifest.xml:11:9-57
19        android:usesPermissionFlags="neverForLocation" />
19-->src/main/AndroidManifest.xml:12:9-55
20    <uses-permission android:name="android.permission.BLUETOOTH_CONNECT" />
20-->src/main/AndroidManifest.xml:13:5-76
20-->src/main/AndroidManifest.xml:13:22-73
21    <uses-permission android:name="android.permission.CAMERA" />
21-->src/main/AndroidManifest.xml:14:5-65
21-->src/main/AndroidManifest.xml:14:22-62
22    <uses-permission android:name="android.permission.WAKE_LOCK" />
22-->[androidx.work:work-runtime:2.9.0] AndroidManifest.xml:23:5-68
22-->[androidx.work:work-runtime:2.9.0] AndroidManifest.xml:23:22-65
23    <uses-permission android:name="android.permission.ACCESS_NETWORK_STATE" />
23-->[androidx.work:work-runtime:2.9.0] AndroidManifest.xml:24:5-79
23-->[androidx.work:work-runtime:2.9.0] AndroidManifest.xml:24:22-76
24    <uses-permission android:name="android.permission.RECEIVE_BOOT_COMPLETED" />
24-->[androidx.work:work-runtime:2.9.0] AndroidManifest.xml:25:5-81
24-->[androidx.work:work-runtime:2.9.0] AndroidManifest.xml:25:22-78
25    <uses-permission android:name="android.permission.FOREGROUND_SERVICE" />
25-->[androidx.work:work-runtime:2.9.0] AndroidManifest.xml:26:5-77
25-->[androidx.work:work-runtime:2.9.0] AndroidManifest.xml:26:22-74
26
27    <permission
27-->[androidx.core:core:1.13.1] AndroidManifest.xml:22:5-24:47
28        android:name="com.smartcbwtf.mobile.DYNAMIC_RECEIVER_NOT_EXPORTED_PERMISSION"
28-->[androidx.core:core:1.13.1] AndroidManifest.xml:23:9-81
29        android:protectionLevel="signature" />
29-->[androidx.core:core:1.13.1] AndroidManifest.xml:24:9-44
30
31    <uses-permission android:name="com.smartcbwtf.mobile.DYNAMIC_RECEIVER_NOT_EXPORTED_PERMISSION" /> <!-- Don't require camera, as this requires a rear camera. This allows it to work on the Nexus 7 -->
31-->[androidx.core:core:1.13.1] AndroidManifest.xml:26:5-97
31-->[androidx.core:core:1.13.1] AndroidManifest.xml:26:22-94
32    <uses-feature
32-->[com.journeyapps:zxing-android-embedded:4.3.0] AndroidManifest.xml:25:5-27:36
33        android:name="android.hardware.camera"
33-->[com.journeyapps:zxing-android-embedded:4.3.0] AndroidManifest.xml:26:9-47
34        android:required="false" />
34-->[com.journeyapps:zxing-android-embedded:4.3.0] AndroidManifest.xml:27:9-33
35    <uses-feature
35-->[com.journeyapps:zxing-android-embedded:4.3.0] AndroidManifest.xml:28:5-30:36
36        android:name="android.hardware.camera.front"
36-->[com.journeyapps:zxing-android-embedded:4.3.0] AndroidManifest.xml:29:9-53
37        android:required="false" /> <!-- TODO replace above two with next line after Android 4.2 -->
37-->[com.journeyapps:zxing-android-embedded:4.3.0] AndroidManifest.xml:30:9-33
38    <!-- <uses-feature android:name="android.hardware.camera.any"/> -->
39    <uses-feature
39-->[com.journeyapps:zxing-android-embedded:4.3.0] AndroidManifest.xml:33:5-35:36
40        android:name="android.hardware.camera.autofocus"
40-->[com.journeyapps:zxing-android-embedded:4.3.0] AndroidManifest.xml:34:9-57
41        android:required="false" />
41-->[com.journeyapps:zxing-android-embedded:4.3.0] AndroidManifest.xml:35:9-33
42    <uses-feature
42-->[com.journeyapps:zxing-android-embedded:4.3.0] AndroidManifest.xml:36:5-38:36
43        android:name="android.hardware.camera.flash"
43-->[com.journeyapps:zxing-android-embedded:4.3.0] AndroidManifest.xml:37:9-53
44        android:required="false" />
44-->[com.journeyapps:zxing-android-embedded:4.3.0] AndroidManifest.xml:38:9-33
45    <uses-feature
45-->[com.journeyapps:zxing-android-embedded:4.3.0] AndroidManifest.xml:39:5-41:36
46        android:name="android.hardware.screen.landscape"
46-->[com.journeyapps:zxing-android-embedded:4.3.0] AndroidManifest.xml:40:9-57
47        android:required="false" />
47-->[com.journeyapps:zxing-android-embedded:4.3.0] AndroidManifest.xml:41:9-33
48    <uses-feature
48-->[com.journeyapps:zxing-android-embedded:4.3.0] AndroidManifest.xml:42:5-44:36
49        android:name="android.hardware.wifi"
49-->[com.journeyapps:zxing-android-embedded:4.3.0] AndroidManifest.xml:43:9-45
50        android:required="false" />
50-->[com.journeyapps:zxing-android-embedded:4.3.0] AndroidManifest.xml:44:9-33
51
52    <application
52-->src/main/AndroidManifest.xml:16:5-44:19
53        android:name="com.smartcbwtf.mobile.App"
53-->src/main/AndroidManifest.xml:17:9-28
54        android:allowBackup="true"
54-->src/main/AndroidManifest.xml:18:9-35
55        android:appComponentFactory="androidx.core.app.CoreComponentFactory"
55-->[androidx.core:core:1.13.1] AndroidManifest.xml:28:18-86
56        android:enableOnBackInvokedCallback="true"
56-->src/main/AndroidManifest.xml:19:9-51
57        android:extractNativeLibs="false"
58        android:icon="@mipmap/ic_launcher"
58-->src/main/AndroidManifest.xml:23:9-43
59        android:label="Smart CBWTF"
59-->src/main/AndroidManifest.xml:22:9-36
60        android:networkSecurityConfig="@xml/network_security_config"
60-->src/main/AndroidManifest.xml:21:9-69
61        android:theme="@style/Theme.SmartCBWTF"
61-->src/main/AndroidManifest.xml:24:9-48
62        android:usesCleartextTraffic="true" >
62-->src/main/AndroidManifest.xml:20:9-44
63        <activity
63-->src/main/AndroidManifest.xml:25:9-32:20
64            android:name="com.smartcbwtf.mobile.MainActivity"
64-->src/main/AndroidManifest.xml:26:13-41
65            android:exported="true" >
65-->src/main/AndroidManifest.xml:27:13-36
66            <intent-filter>
66-->src/main/AndroidManifest.xml:28:13-31:29
67                <action android:name="android.intent.action.MAIN" />
67-->src/main/AndroidManifest.xml:29:17-69
67-->src/main/AndroidManifest.xml:29:25-66
68
69                <category android:name="android.intent.category.LAUNCHER" />
69-->src/main/AndroidManifest.xml:30:17-77
69-->src/main/AndroidManifest.xml:30:27-74
70            </intent-filter>
71        </activity>
72
73        <provider
74            android:name="androidx.startup.InitializationProvider"
74-->src/main/AndroidManifest.xml:35:13-67
75            android:authorities="com.smartcbwtf.mobile.startup"
75-->src/main/AndroidManifest.xml:36:13-59
76            android:exported="false" >
76-->src/main/AndroidManifest.xml:37:13-37
77            <meta-data
77-->[androidx.emoji2:emoji2:1.3.0] AndroidManifest.xml:29:13-31:52
78                android:name="androidx.emoji2.text.EmojiCompatInitializer"
78-->[androidx.emoji2:emoji2:1.3.0] AndroidManifest.xml:30:17-75
79                android:value="androidx.startup" />
79-->[androidx.emoji2:emoji2:1.3.0] AndroidManifest.xml:31:17-49
80            <meta-data
80-->[androidx.lifecycle:lifecycle-process:2.8.3] AndroidManifest.xml:29:13-31:52
81                android:name="androidx.lifecycle.ProcessLifecycleInitializer"
81-->[androidx.lifecycle:lifecycle-process:2.8.3] AndroidManifest.xml:30:17-78
82                android:value="androidx.startup" />
82-->[androidx.lifecycle:lifecycle-process:2.8.3] AndroidManifest.xml:31:17-49
83            <meta-data
83-->[androidx.profileinstaller:profileinstaller:1.3.1] AndroidManifest.xml:29:13-31:52
84                android:name="androidx.profileinstaller.ProfileInstallerInitializer"
84-->[androidx.profileinstaller:profileinstaller:1.3.1] AndroidManifest.xml:30:17-85
85                android:value="androidx.startup" />
85-->[androidx.profileinstaller:profileinstaller:1.3.1] AndroidManifest.xml:31:17-49
86        </provider>
87
88        <service
88-->[androidx.camera:camera-camera2:1.3.4] AndroidManifest.xml:24:9-33:19
89            android:name="androidx.camera.core.impl.MetadataHolderService"
89-->[androidx.camera:camera-camera2:1.3.4] AndroidManifest.xml:25:13-75
90            android:enabled="false"
90-->[androidx.camera:camera-camera2:1.3.4] AndroidManifest.xml:26:13-36
91            android:exported="false" >
91-->[androidx.camera:camera-camera2:1.3.4] AndroidManifest.xml:27:13-37
92            <meta-data
92-->[androidx.camera:camera-camera2:1.3.4] AndroidManifest.xml:30:13-32:89
93                android:name="androidx.camera.core.impl.MetadataHolderService.DEFAULT_CONFIG_PROVIDER"
93-->[androidx.camera:camera-camera2:1.3.4] AndroidManifest.xml:31:17-103
94                android:value="androidx.camera.camera2.Camera2Config$DefaultProvider" />
94-->[androidx.camera:camera-camera2:1.3.4] AndroidManifest.xml:32:17-86
95        </service>
96        <service
96-->[com.google.android.gms:play-services-mlkit-barcode-scanning:18.3.1] AndroidManifest.xml:9:9-15:19
97            android:name="com.google.mlkit.common.internal.MlKitComponentDiscoveryService"
97-->[com.google.android.gms:play-services-mlkit-barcode-scanning:18.3.1] AndroidManifest.xml:10:13-91
98            android:directBootAware="true"
98-->[com.google.mlkit:common:18.11.0] AndroidManifest.xml:17:13-43
99            android:exported="false" >
99-->[com.google.android.gms:play-services-mlkit-barcode-scanning:18.3.1] AndroidManifest.xml:11:13-37
100            <meta-data
100-->[com.google.android.gms:play-services-mlkit-barcode-scanning:18.3.1] AndroidManifest.xml:12:13-14:85
101                android:name="com.google.firebase.components:com.google.mlkit.vision.barcode.internal.BarcodeRegistrar"
101-->[com.google.android.gms:play-services-mlkit-barcode-scanning:18.3.1] AndroidManifest.xml:13:17-120
102                android:value="com.google.firebase.components.ComponentRegistrar" />
102-->[com.google.android.gms:play-services-mlkit-barcode-scanning:18.3.1] AndroidManifest.xml:14:17-82
103            <meta-data
103-->[com.google.mlkit:vision-common:17.3.0] AndroidManifest.xml:12:13-14:85
104                android:name="com.google.firebase.components:com.google.mlkit.vision.common.internal.VisionCommonRegistrar"
104-->[com.google.mlkit:vision-common:17.3.0] AndroidManifest.xml:13:17-124
105                android:value="com.google.firebase.components.ComponentRegistrar" />
105-->[com.google.mlkit:vision-common:17.3.0] AndroidManifest.xml:14:17-82
106            <meta-data
106-->[com.google.mlkit:common:18.11.0] AndroidManifest.xml:20:13-22:85
107                android:name="com.google.firebase.components:com.google.mlkit.common.internal.CommonComponentRegistrar"
107-->[com.google.mlkit:common:18.11.0] AndroidManifest.xml:21:17-120
108                android:value="com.google.firebase.components.ComponentRegistrar" />
108-->[com.google.mlkit:common:18.11.0] AndroidManifest.xml:22:17-82
109        </service>
110
111        <provider
111-->[com.google.mlkit:common:18.11.0] AndroidManifest.xml:9:9-13:38
112            android:name="com.google.mlkit.common.internal.MlKitInitProvider"
112-->[com.google.mlkit:common:18.11.0] AndroidManifest.xml:10:13-78
113            android:authorities="com.smartcbwtf.mobile.mlkitinitprovider"
113-->[com.google.mlkit:common:18.11.0] AndroidManifest.xml:11:13-69
114            android:exported="false"
114-->[com.google.mlkit:common:18.11.0] AndroidManifest.xml:12:13-37
115            android:initOrder="99" />
115-->[com.google.mlkit:common:18.11.0] AndroidManifest.xml:13:13-35
116
117        <service
117-->[androidx.work:work-runtime:2.9.0] AndroidManifest.xml:39:9-45:35
118            android:name="androidx.work.impl.background.systemalarm.SystemAlarmService"
118-->[androidx.work:work-runtime:2.9.0] AndroidManifest.xml:40:13-88
119            android:directBootAware="false"
119-->[androidx.work:work-runtime:2.9.0] AndroidManifest.xml:41:13-44
120            android:enabled="@bool/enable_system_alarm_service_default"
120-->[androidx.work:work-runtime:2.9.0] AndroidManifest.xml:42:13-72
121            android:exported="false" />
121-->[androidx.work:work-runtime:2.9.0] AndroidManifest.xml:43:13-37
122        <service
122-->[androidx.work:work-runtime:2.9.0] AndroidManifest.xml:46:9-52:35
123            android:name="androidx.work.impl.background.systemjob.SystemJobService"
123-->[androidx.work:work-runtime:2.9.0] AndroidManifest.xml:47:13-84
124            android:directBootAware="false"
124-->[androidx.work:work-runtime:2.9.0] AndroidManifest.xml:48:13-44
125            android:enabled="@bool/enable_system_job_service_default"
125-->[androidx.work:work-runtime:2.9.0] AndroidManifest.xml:49:13-70
126            android:exported="true"
126-->[androidx.work:work-runtime:2.9.0] AndroidManifest.xml:50:13-36
127            android:permission="android.permission.BIND_JOB_SERVICE" />
127-->[androidx.work:work-runtime:2.9.0] AndroidManifest.xml:51:13-69
128        <service
128-->[androidx.work:work-runtime:2.9.0] AndroidManifest.xml:53:9-59:35
129            android:name="androidx.work.impl.foreground.SystemForegroundService"
129-->[androidx.work:work-runtime:2.9.0] AndroidManifest.xml:54:13-81
130            android:directBootAware="false"
130-->[androidx.work:work-runtime:2.9.0] AndroidManifest.xml:55:13-44
131            android:enabled="@bool/enable_system_foreground_service_default"
131-->[androidx.work:work-runtime:2.9.0] AndroidManifest.xml:56:13-77
132            android:exported="false" />
132-->[androidx.work:work-runtime:2.9.0] AndroidManifest.xml:57:13-37
133
134        <receiver
134-->[androidx.work:work-runtime:2.9.0] AndroidManifest.xml:61:9-66:35
135            android:name="androidx.work.impl.utils.ForceStopRunnable$BroadcastReceiver"
135-->[androidx.work:work-runtime:2.9.0] AndroidManifest.xml:62:13-88
136            android:directBootAware="false"
136-->[androidx.work:work-runtime:2.9.0] AndroidManifest.xml:63:13-44
137            android:enabled="true"
137-->[androidx.work:work-runtime:2.9.0] AndroidManifest.xml:64:13-35
138            android:exported="false" />
138-->[androidx.work:work-runtime:2.9.0] AndroidManifest.xml:65:13-37
139        <receiver
139-->[androidx.work:work-runtime:2.9.0] AndroidManifest.xml:67:9-77:20
140            android:name="androidx.work.impl.background.systemalarm.ConstraintProxy$BatteryChargingProxy"
140-->[androidx.work:work-runtime:2.9.0] AndroidManifest.xml:68:13-106
141            android:directBootAware="false"
141-->[androidx.work:work-runtime:2.9.0] AndroidManifest.xml:69:13-44
142            android:enabled="false"
142-->[androidx.work:work-runtime:2.9.0] AndroidManifest.xml:70:13-36
143            android:exported="false" >
143-->[androidx.work:work-runtime:2.9.0] AndroidManifest.xml:71:13-37
144            <intent-filter>
144-->[androidx.work:work-runtime:2.9.0] AndroidManifest.xml:73:13-76:29
145                <action android:name="android.intent.action.ACTION_POWER_CONNECTED" />
145-->[androidx.work:work-runtime:2.9.0] AndroidManifest.xml:74:17-87
145-->[androidx.work:work-runtime:2.9.0] AndroidManifest.xml:74:25-84
146                <action android:name="android.intent.action.ACTION_POWER_DISCONNECTED" />
146-->[androidx.work:work-runtime:2.9.0] AndroidManifest.xml:75:17-90
146-->[androidx.work:work-runtime:2.9.0] AndroidManifest.xml:75:25-87
147            </intent-filter>
148        </receiver>
149        <receiver
149-->[androidx.work:work-runtime:2.9.0] AndroidManifest.xml:78:9-88:20
150            android:name="androidx.work.impl.background.systemalarm.ConstraintProxy$BatteryNotLowProxy"
150-->[androidx.work:work-runtime:2.9.0] AndroidManifest.xml:79:13-104
151            android:directBootAware="false"
151-->[androidx.work:work-runtime:2.9.0] AndroidManifest.xml:80:13-44
152            android:enabled="false"
152-->[androidx.work:work-runtime:2.9.0] AndroidManifest.xml:81:13-36
153            android:exported="false" >
153-->[androidx.work:work-runtime:2.9.0] AndroidManifest.xml:82:13-37
154            <intent-filter>
154-->[androidx.work:work-runtime:2.9.0] AndroidManifest.xml:84:13-87:29
155                <action android:name="android.intent.action.BATTERY_OKAY" />
155-->[androidx.work:work-runtime:2.9.0] AndroidManifest.xml:85:17-77
155-->[androidx.work:work-runtime:2.9.0] AndroidManifest.xml:85:25-74
156                <action android:name="android.intent.action.BATTERY_LOW" />
156-->[androidx.work:work-runtime:2.9.0] AndroidManifest.xml:86:17-76
156-->[androidx.work:work-runtime:2.9.0] AndroidManifest.xml:86:25-73
157            </intent-filter>
158        </receiver>
159        <receiver
159-->[androidx.work:work-runtime:2.9.0] AndroidManifest.xml:89:9-99:20
160            android:name="androidx.work.impl.background.systemalarm.ConstraintProxy$StorageNotLowProxy"
160-->[androidx.work:work-runtime:2.9.0] AndroidManifest.xml:90:13-104
161            android:directBootAware="false"
161-->[androidx.work:work-runtime:2.9.0] AndroidManifest.xml:91:13-44
162            android:enabled="false"
162-->[androidx.work:work-runtime:2.9.0] AndroidManifest.xml:92:13-36
163            android:exported="false" >
163-->[androidx.work:work-runtime:2.9.0] AndroidManifest.xml:93:13-37
164            <intent-filter>
164-->[androidx.work:work-runtime:2.9.0] AndroidManifest.xml:95:13-98:29
165                <action android:name="android.intent.action.DEVICE_STORAGE_LOW" />
165-->[androidx.work:work-runtime:2.9.0] AndroidManifest.xml:96:17-83
165-->[androidx.work:work-runtime:2.9.0] AndroidManifest.xml:96:25-80
166                <action android:name="android.intent.action.DEVICE_STORAGE_OK" />
166-->[androidx.work:work-runtime:2.9.0] AndroidManifest.xml:97:17-82
166-->[androidx.work:work-runtime:2.9.0] AndroidManifest.xml:97:25-79
167            </intent-filter>
168        </receiver>
169        <receiver
169-->[androidx.work:work-runtime:2.9.0] AndroidManifest.xml:100:9-109:20
170            android:name="androidx.work.impl.background.systemalarm.ConstraintProxy$NetworkStateProxy"
170-->[androidx.work:work-runtime:2.9.0] AndroidManifest.xml:101:13-103
171            android:directBootAware="false"
171-->[androidx.work:work-runtime:2.9.0] AndroidManifest.xml:102:13-44
172            android:enabled="false"
172-->[androidx.work:work-runtime:2.9.0] AndroidManifest.xml:103:13-36
173            android:exported="false" >
173-->[androidx.work:work-runtime:2.9.0] AndroidManifest.xml:104:13-37
174            <intent-filter>
174-->[androidx.work:work-runtime:2.9.0] AndroidManifest.xml:106:13-108:29
175                <action android:name="android.net.conn.CONNECTIVITY_CHANGE" />
175-->[androidx.work:work-runtime:2.9.0] AndroidManifest.xml:107:17-79
175-->[androidx.work:work-runtime:2.9.0] AndroidManifest.xml:107:25-76
176            </intent-filter>
177        </receiver>
178        <receiver
178-->[androidx.work:work-runtime:2.9.0] AndroidManifest.xml:110:9-121:20
179            android:name="androidx.work.impl.background.systemalarm.RescheduleReceiver"
179-->[androidx.work:work-runtime:2.9.0] AndroidManifest.xml:111:13-88
180            android:directBootAware="false"
180-->[androidx.work:work-runtime:2.9.0] AndroidManifest.xml:112:13-44
181            android:enabled="false"
181-->[androidx.work:work-runtime:2.9.0] AndroidManifest.xml:113:13-36
182            android:exported="false" >
182-->[androidx.work:work-runtime:2.9.0] AndroidManifest.xml:114:13-37
183            <intent-filter>
183-->[androidx.work:work-runtime:2.9.0] AndroidManifest.xml:116:13-120:29
184                <action android:name="android.intent.action.BOOT_COMPLETED" />
184-->[androidx.work:work-runtime:2.9.0] AndroidManifest.xml:117:17-79
184-->[androidx.work:work-runtime:2.9.0] AndroidManifest.xml:117:25-76
185                <action android:name="android.intent.action.TIME_SET" />
185-->[androidx.work:work-runtime:2.9.0] AndroidManifest.xml:118:17-73
185-->[androidx.work:work-runtime:2.9.0] AndroidManifest.xml:118:25-70
186                <action android:name="android.intent.action.TIMEZONE_CHANGED" />
186-->[androidx.work:work-runtime:2.9.0] AndroidManifest.xml:119:17-81
186-->[androidx.work:work-runtime:2.9.0] AndroidManifest.xml:119:25-78
187            </intent-filter>
188        </receiver>
189        <receiver
189-->[androidx.work:work-runtime:2.9.0] AndroidManifest.xml:122:9-131:20
190            android:name="androidx.work.impl.background.systemalarm.ConstraintProxyUpdateReceiver"
190-->[androidx.work:work-runtime:2.9.0] AndroidManifest.xml:123:13-99
191            android:directBootAware="false"
191-->[androidx.work:work-runtime:2.9.0] AndroidManifest.xml:124:13-44
192            android:enabled="@bool/enable_system_alarm_service_default"
192-->[androidx.work:work-runtime:2.9.0] AndroidManifest.xml:125:13-72
193            android:exported="false" >
193-->[androidx.work:work-runtime:2.9.0] AndroidManifest.xml:126:13-37
194            <intent-filter>
194-->[androidx.work:work-runtime:2.9.0] AndroidManifest.xml:128:13-130:29
195                <action android:name="androidx.work.impl.background.systemalarm.UpdateProxies" />
195-->[androidx.work:work-runtime:2.9.0] AndroidManifest.xml:129:17-98
195-->[androidx.work:work-runtime:2.9.0] AndroidManifest.xml:129:25-95
196            </intent-filter>
197        </receiver>
198        <receiver
198-->[androidx.work:work-runtime:2.9.0] AndroidManifest.xml:132:9-142:20
199            android:name="androidx.work.impl.diagnostics.DiagnosticsReceiver"
199-->[androidx.work:work-runtime:2.9.0] AndroidManifest.xml:133:13-78
200            android:directBootAware="false"
200-->[androidx.work:work-runtime:2.9.0] AndroidManifest.xml:134:13-44
201            android:enabled="true"
201-->[androidx.work:work-runtime:2.9.0] AndroidManifest.xml:135:13-35
202            android:exported="true"
202-->[androidx.work:work-runtime:2.9.0] AndroidManifest.xml:136:13-36
203            android:permission="android.permission.DUMP" >
203-->[androidx.work:work-runtime:2.9.0] AndroidManifest.xml:137:13-57
204            <intent-filter>
204-->[androidx.work:work-runtime:2.9.0] AndroidManifest.xml:139:13-141:29
205                <action android:name="androidx.work.diagnostics.REQUEST_DIAGNOSTICS" />
205-->[androidx.work:work-runtime:2.9.0] AndroidManifest.xml:140:17-88
205-->[androidx.work:work-runtime:2.9.0] AndroidManifest.xml:140:25-85
206            </intent-filter>
207        </receiver>
208
209        <activity
209-->[com.google.android.gms:play-services-base:18.5.0] AndroidManifest.xml:5:9-173
210            android:name="com.google.android.gms.common.api.GoogleApiActivity"
210-->[com.google.android.gms:play-services-base:18.5.0] AndroidManifest.xml:5:19-85
211            android:exported="false"
211-->[com.google.android.gms:play-services-base:18.5.0] AndroidManifest.xml:5:146-170
212            android:theme="@android:style/Theme.Translucent.NoTitleBar" />
212-->[com.google.android.gms:play-services-base:18.5.0] AndroidManifest.xml:5:86-145
213
214        <uses-library
214-->[androidx.window:window:1.0.0] AndroidManifest.xml:25:9-27:40
215            android:name="androidx.window.extensions"
215-->[androidx.window:window:1.0.0] AndroidManifest.xml:26:13-54
216            android:required="false" />
216-->[androidx.window:window:1.0.0] AndroidManifest.xml:27:13-37
217        <uses-library
217-->[androidx.window:window:1.0.0] AndroidManifest.xml:28:9-30:40
218            android:name="androidx.window.sidecar"
218-->[androidx.window:window:1.0.0] AndroidManifest.xml:29:13-51
219            android:required="false" />
219-->[androidx.window:window:1.0.0] AndroidManifest.xml:30:13-37
220
221        <service
221-->[androidx.room:room-runtime:2.6.1] AndroidManifest.xml:24:9-28:63
222            android:name="androidx.room.MultiInstanceInvalidationService"
222-->[androidx.room:room-runtime:2.6.1] AndroidManifest.xml:25:13-74
223            android:directBootAware="true"
223-->[androidx.room:room-runtime:2.6.1] AndroidManifest.xml:26:13-43
224            android:exported="false" />
224-->[androidx.room:room-runtime:2.6.1] AndroidManifest.xml:27:13-37
225
226        <meta-data
226-->[com.google.android.gms:play-services-basement:18.4.0] AndroidManifest.xml:6:9-122
227            android:name="com.google.android.gms.version"
227-->[com.google.android.gms:play-services-basement:18.4.0] AndroidManifest.xml:6:20-65
228            android:value="@integer/google_play_services_version" />
228-->[com.google.android.gms:play-services-basement:18.4.0] AndroidManifest.xml:6:66-119
229
230        <receiver
230-->[androidx.profileinstaller:profileinstaller:1.3.1] AndroidManifest.xml:34:9-52:20
231            android:name="androidx.profileinstaller.ProfileInstallReceiver"
231-->[androidx.profileinstaller:profileinstaller:1.3.1] AndroidManifest.xml:35:13-76
232            android:directBootAware="false"
232-->[androidx.profileinstaller:profileinstaller:1.3.1] AndroidManifest.xml:36:13-44
233            android:enabled="true"
233-->[androidx.profileinstaller:profileinstaller:1.3.1] AndroidManifest.xml:37:13-35
234            android:exported="true"
234-->[androidx.profileinstaller:profileinstaller:1.3.1] AndroidManifest.xml:38:13-36
235            android:permission="android.permission.DUMP" >
235-->[androidx.profileinstaller:profileinstaller:1.3.1] AndroidManifest.xml:39:13-57
236            <intent-filter>
236-->[androidx.profileinstaller:profileinstaller:1.3.1] AndroidManifest.xml:40:13-42:29
237                <action android:name="androidx.profileinstaller.action.INSTALL_PROFILE" />
237-->[androidx.profileinstaller:profileinstaller:1.3.1] AndroidManifest.xml:41:17-91
237-->[androidx.profileinstaller:profileinstaller:1.3.1] AndroidManifest.xml:41:25-88
238            </intent-filter>
239            <intent-filter>
239-->[androidx.profileinstaller:profileinstaller:1.3.1] AndroidManifest.xml:43:13-45:29
240                <action android:name="androidx.profileinstaller.action.SKIP_FILE" />
240-->[androidx.profileinstaller:profileinstaller:1.3.1] AndroidManifest.xml:44:17-85
240-->[androidx.profileinstaller:profileinstaller:1.3.1] AndroidManifest.xml:44:25-82
241            </intent-filter>
242            <intent-filter>
242-->[androidx.profileinstaller:profileinstaller:1.3.1] AndroidManifest.xml:46:13-48:29
243                <action android:name="androidx.profileinstaller.action.SAVE_PROFILE" />
243-->[androidx.profileinstaller:profileinstaller:1.3.1] AndroidManifest.xml:47:17-88
243-->[androidx.profileinstaller:profileinstaller:1.3.1] AndroidManifest.xml:47:25-85
244            </intent-filter>
245            <intent-filter>
245-->[androidx.profileinstaller:profileinstaller:1.3.1] AndroidManifest.xml:49:13-51:29
246                <action android:name="androidx.profileinstaller.action.BENCHMARK_OPERATION" />
246-->[androidx.profileinstaller:profileinstaller:1.3.1] AndroidManifest.xml:50:17-95
246-->[androidx.profileinstaller:profileinstaller:1.3.1] AndroidManifest.xml:50:25-92
247            </intent-filter>
248        </receiver>
249
250        <service
250-->[com.google.android.datatransport:transport-backend-cct:2.3.3] AndroidManifest.xml:29:9-35:19
251            android:name="com.google.android.datatransport.runtime.backends.TransportBackendDiscovery"
251-->[com.google.android.datatransport:transport-backend-cct:2.3.3] AndroidManifest.xml:30:13-103
252            android:exported="false" >
252-->[com.google.android.datatransport:transport-backend-cct:2.3.3] AndroidManifest.xml:31:13-37
253            <meta-data
253-->[com.google.android.datatransport:transport-backend-cct:2.3.3] AndroidManifest.xml:32:13-34:39
254                android:name="backend:com.google.android.datatransport.cct.CctBackendFactory"
254-->[com.google.android.datatransport:transport-backend-cct:2.3.3] AndroidManifest.xml:33:17-94
255                android:value="cct" />
255-->[com.google.android.datatransport:transport-backend-cct:2.3.3] AndroidManifest.xml:34:17-36
256        </service>
257        <service
257-->[com.google.android.datatransport:transport-runtime:2.2.6] AndroidManifest.xml:26:9-30:19
258            android:name="com.google.android.datatransport.runtime.scheduling.jobscheduling.JobInfoSchedulerService"
258-->[com.google.android.datatransport:transport-runtime:2.2.6] AndroidManifest.xml:27:13-117
259            android:exported="false"
259-->[com.google.android.datatransport:transport-runtime:2.2.6] AndroidManifest.xml:28:13-37
260            android:permission="android.permission.BIND_JOB_SERVICE" >
260-->[com.google.android.datatransport:transport-runtime:2.2.6] AndroidManifest.xml:29:13-69
261        </service>
262
263        <receiver
263-->[com.google.android.datatransport:transport-runtime:2.2.6] AndroidManifest.xml:32:9-34:40
264            android:name="com.google.android.datatransport.runtime.scheduling.jobscheduling.AlarmManagerSchedulerBroadcastReceiver"
264-->[com.google.android.datatransport:transport-runtime:2.2.6] AndroidManifest.xml:33:13-132
265            android:exported="false" />
265-->[com.google.android.datatransport:transport-runtime:2.2.6] AndroidManifest.xml:34:13-37